<?xml version="1.0" encoding="UTF-8"?>
<testng-results ignored="0" total="1" passed="1" failed="0" skipped="0">
  <reporter-output>
  </reporter-output>
  <suite started-at="2025-09-19T16:50:53 IST" name="Default suite" finished-at="2025-09-19T16:50:53 IST" duration-ms="137">
    <groups>
    </groups>
    <test started-at="2025-09-19T16:50:53 IST" name="Default test" finished-at="2025-09-19T16:50:53 IST" duration-ms="137">
      <class name="propertiesfile.genericProperty">
        <test-method signature="runner()[pri:0, instance:propertiesfile.genericProperty@22555ebf]" started-at="2025-09-19T16:50:53 IST" name="runner" finished-at="2025-09-19T16:50:53 IST" duration-ms="38" status="PASS">
          <reporter-output>
          </reporter-output>
        </test-method> <!-- runner -->
      </class> <!-- propertiesfile.genericProperty -->
    </test> <!-- Default test -->
  </suite> <!-- Default suite -->
</testng-results>
