<?xml version="1.0" encoding="UTF-8"?>
<!-- Generated by org.testng.reporters.JUnitReportReporter -->
<testsuite hostname="Prashant" failures="0" tests="4" name="shopperStack.shopperProfile" time="9.336" errors="0" timestamp="2025-09-03T18:20:25 IST" skipped="0">
  <testcase classname="shopperStack.shopperProfile" name="Update" time="1.265"/>
  <testcase classname="shopperStack.shopperProfile" name="GetSHopperID" time="5.524"/>
  <testcase classname="shopperStack.shopperProfile" name="login" time="1.150"/>
  <testcase classname="shopperStack.shopperProfile" name="register" time="1.397"/>
</testsuite> <!-- shopperStack.shopperProfile -->
