<?xml version="1.0" encoding="UTF-8"?>
<!-- Generated by org.testng.reporters.JUnitReportReporter -->
<testsuite hostname="Prashant" failures="0" tests="3" name="shopperStack.RandomemailGenerator" time="8.679" errors="0" timestamp="2025-09-17T11:23:25 IST" skipped="0">
  <testcase classname="shopperStack.RandomemailGenerator" name="shop" time="5.937"/>
  <testcase classname="shopperStack.RandomemailGenerator" name="login" time="1.958"/>
  <testcase classname="shopperStack.RandomemailGenerator" name="GetSHopperID" time="0.784"/>
</testsuite> <!-- shopperStack.RandomemailGenerator -->
