<?xml version="1.0" encoding="UTF-8"?>
<!-- Generated by org.testng.reporters.JUnitXMLReporter -->
<testsuite ignored="0" hostname="LAPTOP-HQIPRHH3" failures="1" tests="1" name="Test" time="22.915" errors="0" timestamp="2025-06-12T19:27:54 IST">
  <testcase classname="runnerScript.Tc_02Verify" name="Tc02" time="1.844">
    <failure type="java.lang.AssertionError" message="expected [Dash board] but found [Dashboard]">
      <![CDATA[java.lang.AssertionError: expected [Dash board] but found [Dashboard]
at runnerScript.Tc_02Verify.Tc02(Tc_02Verify.java:17)
at java.base/java.util.ArrayList.forEach(ArrayList.java:1597)
... Removed 31 stack frames]]>
    </failure>
  </testcase> <!-- Tc02 -->
</testsuite> <!-- Test -->
