<?xml version="1.0" encoding="UTF-8"?>
<!-- Generated by org.testng.reporters.JUnitXMLReporter -->
<testsuite ignored="0" hostname="LAPTOP-HQIPRHH3" failures="0" tests="1" name="TestChrome" time="0.458" errors="0" timestamp="2025-06-10T14:10:28 IST">
  <testcase classname="com.OrangeHRM.genericScripts.BasePage" name="@BeforeClass Before" time="0.029">
    <failure type="java.lang.NullPointerException" message="Cannot invoke &amp;quot;org.openqa.selenium.WebDriver.get(String)&amp;quot; because &amp;quot;com.OrangeHRM.genericScripts.BasePage.driver&amp;quot; is null">
      <![CDATA[java.lang.NullPointerException: Cannot invoke "org.openqa.selenium.WebDriver.get(String)" because "com.OrangeHRM.genericScripts.BasePage.driver" is null
at com.OrangeHRM.genericScripts.BasePage.Before(BasePage.java:63)
at java.base/java.util.ArrayList.forEach(ArrayList.java:1597)
at java.base/java.util.concurrent.FutureTask.run(FutureTask.java:317)
at java.base/java.util.concurrent.ThreadPoolExecutor.runWorker(ThreadPoolExecutor.java:1144)
at java.base/java.util.concurrent.ThreadPoolExecutor$Worker.run(ThreadPoolExecutor.java:642)
at java.base/java.lang.Thread.run(Thread.java:1575)
... Removed 13 stack frames]]>
    </failure>
  </testcase> <!-- @BeforeClass Before -->
  <testcase classname="com.OrangeHRM.genericScripts.BasePage" name="@BeforeMethod Launch" time="0.0">
    <skipped/>
  </testcase> <!-- @BeforeMethod Launch -->
  <testcase classname="com.OrangeHRM.genericScripts.BasePage" name="@AfterMethod Logout1" time="0.0">
    <skipped/>
  </testcase> <!-- @AfterMethod Logout1 -->
  <testcase classname="com.OrangeHRM.genericScripts.BasePage" name="@AfterClass Close" time="0.0">
    <skipped/>
  </testcase> <!-- @AfterClass Close -->
  <testcase classname="com.OrangeHRM.genericScripts.BasePage" name="@BeforeClass Before" time="0.001">
    <failure type="java.lang.NullPointerException" message="Cannot invoke &amp;quot;org.openqa.selenium.WebDriver.get(String)&amp;quot; because &amp;quot;com.OrangeHRM.genericScripts.BasePage.driver&amp;quot; is null">
      <![CDATA[java.lang.NullPointerException: Cannot invoke "org.openqa.selenium.WebDriver.get(String)" because "com.OrangeHRM.genericScripts.BasePage.driver" is null
at com.OrangeHRM.genericScripts.BasePage.Before(BasePage.java:63)
at java.base/java.util.ArrayList.forEach(ArrayList.java:1597)
at java.base/java.util.concurrent.FutureTask.run(FutureTask.java:317)
at java.base/java.util.concurrent.ThreadPoolExecutor.runWorker(ThreadPoolExecutor.java:1144)
at java.base/java.util.concurrent.ThreadPoolExecutor$Worker.run(ThreadPoolExecutor.java:642)
at java.base/java.lang.Thread.run(Thread.java:1575)
... Removed 13 stack frames]]>
    </failure>
  </testcase> <!-- @BeforeClass Before -->
  <testcase classname="com.OrangeHRM.genericScripts.BasePage" name="@BeforeMethod Launch" time="0.0">
    <skipped/>
  </testcase> <!-- @BeforeMethod Launch -->
  <testcase classname="com.OrangeHRM.genericScripts.BasePage" name="@AfterMethod Logout1" time="0.0">
    <skipped/>
  </testcase> <!-- @AfterMethod Logout1 -->
  <testcase classname="com.OrangeHRM.genericScripts.BasePage" name="@AfterClass Close" time="0.0">
    <skipped/>
  </testcase> <!-- @AfterClass Close -->
  <testcase classname="runnerScript.Tc_02Verify" name="Tc02" time="0.0">
    <skipped/>
  </testcase> <!-- Tc02 -->
</testsuite> <!-- TestChrome -->
